
=== Tue May 21 10:57:37 2019

Packages were changed.
Update Mode: mergeDefaultDependencies

The following packages were updated:
  com.unity.analytics from version 3.2.2 to 3.3.2
  com.unity.collab-proxy from version 1.2.9 to 1.2.16
  com.unity.package-manager-ui from version 2.1.1 to 2.1.2
  com.unity.purchasing from version 2.0.1 to 2.0.6
  com.unity.textmeshpro from version 1.3.0 to 2.0.0
  com.unity.timeline from version 0.0.0-builtin to 1.0.0

=== Fri May 24 13:26:15 2019

Packages were changed.
Update Mode: resetToDefaultDependencies

The following packages were updated:
  com.unity.analytics from version 3.3.2 to 3.2.2
  com.unity.purchasing from version 2.0.6 to 2.0.3
  com.unity.textmeshpro from version 2.0.0 to 1.3.0
  com.unity.package-manager-ui from version 2.1.2 to 2.0.7
  com.unity.collab-proxy from version 1.2.16 to 1.2.15
The following packages were removed:
  com.unity.timeline@1.0.0
